c:\users\delom\docs\msc cgt\s2\cmp505 procedural\dxengine\engine\debug\vc141.pdb
c:\users\delom\docs\msc cgt\s2\cmp505 procedural\dxengine\engine\debug\vc141.idb
c:\users\delom\docs\msc cgt\s2\cmp505 procedural\dxengine\engine\debug\textureclass.obj
c:\users\delom\docs\msc cgt\s2\cmp505 procedural\dxengine\engine\debug\texturearrayclass.obj
c:\users\delom\docs\msc cgt\s2\cmp505 procedural\dxengine\engine\debug\soundclass.obj
c:\users\delom\docs\msc cgt\s2\cmp505 procedural\dxengine\engine\debug\rendertextureclass.obj
c:\users\delom\docs\msc cgt\s2\cmp505 procedural\dxengine\engine\debug\modelclass.obj
c:\users\delom\docs\msc cgt\s2\cmp505 procedural\dxengine\engine\debug\lightshaderclass.obj
c:\users\delom\docs\msc cgt\s2\cmp505 procedural\dxengine\engine\debug\lightclass.obj
c:\users\delom\docs\msc cgt\s2\cmp505 procedural\dxengine\engine\debug\inputclass.obj
c:\users\delom\docs\msc cgt\s2\cmp505 procedural\dxengine\engine\debug\d3dclass.obj
c:\users\delom\docs\msc cgt\s2\cmp505 procedural\dxengine\engine\debug\cameraclass.obj
c:\users\delom\docs\msc cgt\s2\cmp505 procedural\dxengine\engine\debug\bumpmapshaderclass.obj
c:\users\delom\docs\msc cgt\s2\cmp505 procedural\dxengine\engine\debug\assimpmodelclass.obj
c:\users\delom\docs\msc cgt\s2\cmp505 procedural\dxengine\engine\debug\assimpbumpedmodelclass.obj
c:\users\delom\docs\msc cgt\s2\cmp505 procedural\dxengine\debug\engine.exe
c:\users\delom\docs\msc cgt\s2\cmp505 procedural\dxengine\debug\engine.ilk
c:\users\delom\docs\msc cgt\s2\cmp505 procedural\dxengine\debug\engine.pdb
c:\users\delom\docs\msc cgt\s2\cmp505 procedural\dxengine\engine\debug\graphicsclass.obj
c:\users\delom\docs\msc cgt\s2\cmp505 procedural\dxengine\engine\debug\main.obj
c:\users\delom\docs\msc cgt\s2\cmp505 procedural\dxengine\engine\debug\systemclass.obj
c:\users\delom\docs\msc cgt\s2\cmp505 procedural\dxengine\engine\debug\engine.tlog\cl.command.1.tlog
c:\users\delom\docs\msc cgt\s2\cmp505 procedural\dxengine\engine\debug\engine.tlog\cl.read.1.tlog
c:\users\delom\docs\msc cgt\s2\cmp505 procedural\dxengine\engine\debug\engine.tlog\cl.write.1.tlog
c:\users\delom\docs\msc cgt\s2\cmp505 procedural\dxengine\engine\debug\engine.tlog\link.command.1.tlog
c:\users\delom\docs\msc cgt\s2\cmp505 procedural\dxengine\engine\debug\engine.tlog\link.read.1.tlog
c:\users\delom\docs\msc cgt\s2\cmp505 procedural\dxengine\engine\debug\engine.tlog\link.write.1.tlog
